[0416/092451.819:ERROR:process_memory_win.cc(73)] ReadMemory at 0x189ec0ca670 of 132 bytes failed: Somente uma parte de um pedido ReadProcessMemory ou WriteProcessMemory foi concluída. (0x12B)
[0416/092451.823:ERROR:process_memory_win.cc(73)] ReadMemory at 0x189ec0c2e00 of 132 bytes failed: Somente uma parte de um pedido ReadProcessMemory ou WriteProcessMemory foi concluída. (0x12B)
[0416/092451.823:ERROR:process_memory_win.cc(73)] ReadMemory at 0x189ec0c2410 of 1012 bytes failed: Somente uma parte de um pedido ReadProcessMemory ou WriteProcessMemory foi concluída. (0x12B)
[0416/092451.823:ERROR:process_snapshot_win.cc(420)] ReadMemory RTL_USER_PROCESS_PARAMETERS
[0416/092451.831:ERROR:process_memory_win.cc(73)] ReadMemory at 0x189ec0d1e80 of 6656 bytes failed: Somente uma parte de um pedido ReadProcessMemory ou WriteProcessMemory foi concluída. (0x12B)
[0416/092451.835:ERROR:process_snapshot_win.cc(322)] failed to read unloaded module data
[0416/092451.851:ERROR:process_memory_win.cc(73)] ReadMemory at 0x189ec320770 of 72 bytes failed: Somente uma parte de um pedido ReadProcessMemory ou WriteProcessMemory foi concluída. (0x12B)
[0416/092451.851:WARNING:pe_image_annotations_reader.cc(134)] could not read annotations list object in C:\Program Files (x86)\Google\Chrome\Application\80.0.3987.163\chrome_elf.dll
[0416/092451.851:ERROR:process_memory_win.cc(73)] ReadMemory at 0x189ec2da2c0 of 72 bytes failed: Somente uma parte de um pedido ReadProcessMemory ou WriteProcessMemory foi concluída. (0x12B)
[0416/092451.851:WARNING:pe_image_annotations_reader.cc(134)] could not read annotations list object in C:\Program Files (x86)\Google\Chrome\Application\80.0.3987.163\chrome.dll
[0416/092451.891:ERROR:process_memory_win.cc(73)] ReadMemory at 0x189ec320770 of 72 bytes failed: Somente uma parte de um pedido ReadProcessMemory ou WriteProcessMemory foi concluída. (0x12B)
[0416/092451.891:WARNING:pe_image_annotations_reader.cc(134)] could not read annotations list object in C:\Program Files (x86)\Google\Chrome\Application\80.0.3987.163\chrome_elf.dll
[0416/092451.891:ERROR:process_memory_win.cc(73)] ReadMemory at 0x189ec2da2c0 of 72 bytes failed: Somente uma parte de um pedido ReadProcessMemory ou WriteProcessMemory foi concluída. (0x12B)
[0416/092451.891:WARNING:pe_image_annotations_reader.cc(134)] could not read annotations list object in C:\Program Files (x86)\Google\Chrome\Application\80.0.3987.163\chrome.dll
[0416/092451.891:ERROR:process_memory_win.cc(73)] ReadMemory at 0x189ec320770 of 72 bytes failed: Somente uma parte de um pedido ReadProcessMemory ou WriteProcessMemory foi concluída. (0x12B)
[0416/092451.891:WARNING:pe_image_annotations_reader.cc(134)] could not read annotations list object in C:\Program Files (x86)\Google\Chrome\Application\80.0.3987.163\chrome_elf.dll
[0416/092451.891:ERROR:process_memory_win.cc(73)] ReadMemory at 0x189ec2da2c0 of 72 bytes failed: Somente uma parte de um pedido ReadProcessMemory ou WriteProcessMemory foi concluída. (0x12B)
[0416/092451.891:WARNING:pe_image_annotations_reader.cc(134)] could not read annotations list object in C:\Program Files (x86)\Google\Chrome\Application\80.0.3987.163\chrome.dll
[0416/092452.193:ERROR:process_memory_win.cc(73)] ReadMemory at 0x14b13fb000 of 20480 bytes failed: Somente uma parte de um pedido ReadProcessMemory ou WriteProcessMemory foi concluída. (0x12B)
[0416/092452.193:ERROR:process_memory_win.cc(73)] ReadMemory at 0x14b0274000 of 852 bytes failed: Somente uma parte de um pedido ReadProcessMemory ou WriteProcessMemory foi concluída. (0x12B)
[0416/092452.193:ERROR:process_memory_win.cc(73)] ReadMemory at 0x14b0277000 of 6024 bytes failed: Somente uma parte de um pedido ReadProcessMemory ou WriteProcessMemory foi concluída. (0x12B)
[0416/092452.193:ERROR:process_memory_win.cc(73)] ReadMemory at 0x189ec0c2a58 of 118 bytes failed: Somente uma parte de um pedido ReadProcessMemory ou WriteProcessMemory foi concluída. (0x12B)
[0416/092452.193:ERROR:process_memory_win.cc(73)] ReadMemory at 0x189ec0c2d00 of 58 bytes failed: Somente uma parte de um pedido ReadProcessMemory ou WriteProcessMemory foi concluída. (0x12B)
[0416/092452.193:ERROR:process_memory_win.cc(73)] ReadMemory at 0x189ec0c2e00 of 132 bytes failed: Somente uma parte de um pedido ReadProcessMemory ou WriteProcessMemory foi concluída. (0x12B)
[0416/092452.193:ERROR:process_memory_win.cc(73)] ReadMemory at 0x189ec0c2f90 of 132 bytes failed: Somente uma parte de um pedido ReadProcessMemory ou WriteProcessMemory foi concluída. (0x12B)
[0416/092452.193:ERROR:process_memory_win.cc(73)] ReadMemory at 0x189ec0c3530 of 132 bytes failed: Somente uma parte de um pedido ReadProcessMemory ou WriteProcessMemory foi concluída. (0x12B)
[0416/092452.193:ERROR:process_memory_win.cc(73)] ReadMemory at 0x189ec0c36c0 of 64 bytes failed: Somente uma parte de um pedido ReadProcessMemory ou WriteProcessMemory foi concluída. (0x12B)
[0416/092452.193:ERROR:process_memory_win.cc(73)] ReadMemory at 0x189ec0c3710 of 132 bytes failed: Somente uma parte de um pedido ReadProcessMemory ou WriteProcessMemory foi concluída. (0x12B)
[0416/092452.193:ERROR:process_memory_win.cc(73)] ReadMemory at 0x189ec0c3880 of 132 bytes failed: Somente uma parte de um pedido ReadProcessMemory ou WriteProcessMemory foi concluída. (0x12B)
[0416/092452.193:ERROR:process_memory_win.cc(73)] ReadMemory at 0x189ec0c3b20 of 132 bytes failed: Somente uma parte de um pedido ReadProcessMemory ou WriteProcessMemory foi concluída. (0x12B)
[0416/092452.193:ERROR:process_memory_win.cc(73)] ReadMemory at 0x189ec0c3cb0 of 68 bytes failed: Somente uma parte de um pedido ReadProcessMemory ou WriteProcessMemory foi concluída. (0x12B)
[0416/092452.193:ERROR:process_memory_win.cc(73)] ReadMemory at 0x189ec0c4ca0 of 132 bytes failed: Somente uma parte de um pedido ReadProcessMemory ou WriteProcessMemory foi concluída. (0x12B)
[0416/092452.193:ERROR:process_memory_win.cc(73)] ReadMemory at 0x189ec0c4e30 of 154 bytes failed: Somente uma parte de um pedido ReadProcessMemory ou WriteProcessMemory foi concluída. (0x12B)
[0416/092452.193:ERROR:process_memory_win.cc(73)] ReadMemory at 0x189ec0c5c2c of 512 bytes failed: Somente uma parte de um pedido ReadProcessMemory ou WriteProcessMemory foi concluída. (0x12B)
[0416/092452.193:ERROR:process_memory_win.cc(73)] ReadMemory at 0x189ec0c6140 of 132 bytes failed: Somente uma parte de um pedido ReadProcessMemory ou WriteProcessMemory foi concluída. (0x12B)
[0416/092452.193:ERROR:process_memory_win.cc(73)] ReadMemory at 0x189ec0c6b60 of 62 bytes failed: Somente uma parte de um pedido ReadProcessMemory ou WriteProcessMemory foi concluída. (0x12B)
[0416/092452.193:ERROR:process_memory_win.cc(73)] ReadMemory at 0x189ec0c6bb0 of 132 bytes failed: Somente uma parte de um pedido ReadProcessMemory ou WriteProcessMemory foi concluída. (0x12B)
[0416/092452.193:ERROR:process_memory_win.cc(73)] ReadMemory at 0x189ec0c6d50 of 132 bytes failed: Somente uma parte de um pedido ReadProcessMemory ou WriteProcessMemory foi concluída. (0x12B)
[0416/092452.193:ERROR:process_memory_win.cc(73)] ReadMemory at 0x189ec0c6e80 of 60 bytes failed: Somente uma parte de um pedido ReadProcessMemory ou WriteProcessMemory foi concluída. (0x12B)
[0416/092452.193:ERROR:process_memory_win.cc(73)] ReadMemory at 0x189ec0c9390 of 132 bytes failed: Somente uma parte de um pedido ReadProcessMemory ou WriteProcessMemory foi concluída. (0x12B)
[0416/092452.193:ERROR:process_memory_win.cc(73)] ReadMemory at 0x189ec0c9db0 of 132 bytes failed: Somente uma parte de um pedido ReadProcessMemory ou WriteProcessMemory foi concluída. (0x12B)
[0416/092452.193:ERROR:process_memory_win.cc(73)] ReadMemory at 0x189ec0c9fd0 of 132 bytes failed: Somente uma parte de um pedido ReadProcessMemory ou WriteProcessMemory foi concluída. (0x12B)
[0416/092452.193:ERROR:process_memory_win.cc(73)] ReadMemory at 0x189ec0ca330 of 132 bytes failed: Somente uma parte de um pedido ReadProcessMemory ou WriteProcessMemory foi concluída. (0x12B)
[0416/092452.193:ERROR:process_memory_win.cc(73)] ReadMemory at 0x189ec0ca540 of 132 bytes failed: Somente uma parte de um pedido ReadProcessMemory ou WriteProcessMemory foi concluída. (0x12B)
[0416/092452.193:ERROR:process_memory_win.cc(73)] ReadMemory at 0x189ec0ca670 of 132 bytes failed: Somente uma parte de um pedido ReadProcessMemory ou WriteProcessMemory foi concluída. (0x12B)
[0416/092452.193:ERROR:process_memory_win.cc(73)] ReadMemory at 0x189ec0caeb0 of 80 bytes failed: Somente uma parte de um pedido ReadProcessMemory ou WriteProcessMemory foi concluída. (0x12B)
[0416/092452.193:ERROR:process_memory_win.cc(73)] ReadMemory at 0x189ec0cb120 of 62 bytes failed: Somente uma parte de um pedido ReadProcessMemory ou WriteProcessMemory foi concluída. (0x12B)
[0416/092452.193:ERROR:process_memory_win.cc(73)] ReadMemory at 0x189ec0cb210 of 64 bytes failed: Somente uma parte de um pedido ReadProcessMemory ou WriteProcessMemory foi concluída. (0x12B)
[0416/092452.193:ERROR:process_memory_win.cc(73)] ReadMemory at 0x189ec0cb490 of 60 bytes failed: Somente uma parte de um pedido ReadProcessMemory ou WriteProcessMemory foi concluída. (0x12B)
[0416/092452.193:ERROR:process_memory_win.cc(73)] ReadMemory at 0x189ec0cb4e0 of 66 bytes failed: Somente uma parte de um pedido ReadProcessMemory ou WriteProcessMemory foi concluída. (0x12B)
[0416/092452.193:ERROR:process_memory_win.cc(73)] ReadMemory at 0x189ec0cb530 of 64 bytes failed: Somente uma parte de um pedido ReadProcessMemory ou WriteProcessMemory foi concluída. (0x12B)
[0416/092452.193:ERROR:process_memory_win.cc(73)] ReadMemory at 0x189ec0cb580 of 64 bytes failed: Somente uma parte de um pedido ReadProcessMemory ou WriteProcessMemory foi concluída. (0x12B)
[0416/092452.193:ERROR:process_memory_win.cc(73)] ReadMemory at 0x189ec0cb670 of 60 bytes failed: Somente uma parte de um pedido ReadProcessMemory ou WriteProcessMemory foi concluída. (0x12B)
[0416/092452.193:ERROR:process_memory_win.cc(73)] ReadMemory at 0x189ec0cb760 of 64 bytes failed: Somente uma parte de um pedido ReadProcessMemory ou WriteProcessMemory foi concluída. (0x12B)
[0416/092452.193:ERROR:process_memory_win.cc(73)] ReadMemory at 0x189ec0cb7b0 of 62 bytes failed: Somente uma parte de um pedido ReadProcessMemory ou WriteProcessMemory foi concluída. (0x12B)
[0416/092452.193:ERROR:process_memory_win.cc(73)] ReadMemory at 0x189ec0cb930 of 132 bytes failed: Somente uma parte de um pedido ReadProcessMemory ou WriteProcessMemory foi concluída. (0x12B)
[0416/092452.193:ERROR:process_memory_win.cc(73)] ReadMemory at 0x189ec0cba60 of 132 bytes failed: Somente uma parte de um pedido ReadProcessMemory ou WriteProcessMemory foi concluída. (0x12B)
[0416/092452.193:ERROR:process_memory_win.cc(73)] ReadMemory at 0x189ec0cbb90 of 132 bytes failed: Somente uma parte de um pedido ReadProcessMemory ou WriteProcessMemory foi concluída. (0x12B)
[0416/092452.193:ERROR:process_memory_win.cc(73)] ReadMemory at 0x189ec0cbcc0 of 132 bytes failed: Somente uma parte de um pedido ReadProcessMemory ou WriteProcessMemory foi concluída. (0x12B)
[0416/092452.193:ERROR:process_memory_win.cc(73)] ReadMemory at 0x189ec0cbdf0 of 132 bytes failed: Somente uma parte de um pedido ReadProcessMemory ou WriteProcessMemory foi concluída. (0x12B)
[0416/092452.193:ERROR:process_memory_win.cc(73)] ReadMemory at 0x189ec0cc050 of 132 bytes failed: Somente uma parte de um pedido ReadProcessMemory ou WriteProcessMemory foi concluída. (0x12B)
[0416/092452.193:ERROR:process_memory_win.cc(73)] ReadMemory at 0x189ec0cc180 of 132 bytes failed: Somente uma parte de um pedido ReadProcessMemory ou WriteProcessMemory foi concluída. (0x12B)
[0416/092452.193:ERROR:process_memory_win.cc(73)] ReadMemory at 0x189ec0cc2b0 of 132 bytes failed: Somente uma parte de um pedido ReadProcessMemory ou WriteProcessMemory foi concluída. (0x12B)
[0416/092452.193:ERROR:process_memory_win.cc(73)] ReadMemory at 0x189ec0cc3e0 of 132 bytes failed: Somente uma parte de um pedido ReadProcessMemory ou WriteProcessMemory foi concluída. (0x12B)
[0416/092452.193:ERROR:process_memory_win.cc(73)] ReadMemory at 0x189ec0cc510 of 132 bytes failed: Somente uma parte de um pedido ReadProcessMemory ou WriteProcessMemory foi concluída. (0x12B)
[0416/092452.193:ERROR:process_memory_win.cc(73)] ReadMemory at 0x189ec0cc640 of 132 bytes failed: Somente uma parte de um pedido ReadProcessMemory ou WriteProcessMemory foi concluída. (0x12B)
[0416/092452.193:ERROR:process_memory_win.cc(73)] ReadMemory at 0x189ec0cc770 of 132 bytes failed: Somente uma parte de um pedido ReadProcessMemory ou WriteProcessMemory foi concluída. (0x12B)
[0416/092452.193:ERROR:process_memory_win.cc(73)] ReadMemory at 0x189ec0cd120 of 80 bytes failed: Somente uma parte de um pedido ReadProcessMemory ou WriteProcessMemory foi concluída. (0x12B)
[0416/092452.193:ERROR:process_memory_win.cc(73)] ReadMemory at 0x189ec0cd6c0 of 76 bytes failed: Somente uma parte de um pedido ReadProcessMemory ou WriteProcessMemory foi concluída. (0x12B)
[0416/092452.193:ERROR:process_memory_win.cc(73)] ReadMemory at 0x189ec0ce240 of 54 bytes failed: Somente uma parte de um pedido ReadProcessMemory ou WriteProcessMemory foi concluída. (0x12B)
[0416/092452.193:ERROR:process_memory_win.cc(73)] ReadMemory at 0x189ec0cf4d0 of 146 bytes failed: Somente uma parte de um pedido ReadProcessMemory ou WriteProcessMemory foi concluída. (0x12B)
[0416/092452.193:ERROR:process_memory_win.cc(73)] ReadMemory at 0x189ec0d1d40 of 132 bytes failed: Somente uma parte de um pedido ReadProcessMemory ou WriteProcessMemory foi concluída. (0x12B)
[0416/092452.193:ERROR:process_memory_win.cc(73)] ReadMemory at 0x189ec0d4780 of 62 bytes failed: Somente uma parte de um pedido ReadProcessMemory ou WriteProcessMemory foi concluída. (0x12B)
[0416/092452.193:ERROR:process_memory_win.cc(73)] ReadMemory at 0x189ec0d48c0 of 60 bytes failed: Somente uma parte de um pedido ReadProcessMemory ou WriteProcessMemory foi concluída. (0x12B)
[0416/092452.193:ERROR:process_memory_win.cc(73)] ReadMemory at 0x189ec0d4aa0 of 62 bytes failed: Somente uma parte de um pedido ReadProcessMemory ou WriteProcessMemory foi concluída. (0x12B)
[0416/092452.193:ERROR:process_memory_win.cc(73)] ReadMemory at 0x189ec0d4af0 of 60 bytes failed: Somente uma parte de um pedido ReadProcessMemory ou WriteProcessMemory foi concluída. (0x12B)
[0416/092452.193:ERROR:process_memory_win.cc(73)] ReadMemory at 0x189ec0d4b40 of 64 bytes failed: Somente uma parte de um pedido ReadProcessMemory ou WriteProcessMemory foi concluída. (0x12B)
[0416/092452.193:ERROR:process_memory_win.cc(73)] ReadMemory at 0x189ec0d4b90 of 62 bytes failed: Somente uma parte de um pedido ReadProcessMemory ou WriteProcessMemory foi concluída. (0x12B)
[0416/092452.193:ERROR:process_memory_win.cc(73)] ReadMemory at 0x189ec0d4be0 of 62 bytes failed: Somente uma parte de um pedido ReadProcessMemory ou WriteProcessMemory foi concluída. (0x12B)
[0416/092452.193:ERROR:process_memory_win.cc(73)] ReadMemory at 0x189ec0d4c80 of 64 bytes failed: Somente uma parte de um pedido ReadProcessMemory ou WriteProcessMemory foi concluída. (0x12B)
[0416/092452.193:ERROR:process_memory_win.cc(73)] ReadMemory at 0x189ec0d4d70 of 62 bytes failed: Somente uma parte de um pedido ReadProcessMemory ou WriteProcessMemory foi concluída. (0x12B)
[0416/092452.193:ERROR:process_memory_win.cc(73)] ReadMemory at 0x189ec0d4ff0 of 66 bytes failed: Somente uma parte de um pedido ReadProcessMemory ou WriteProcessMemory foi concluída. (0x12B)
[0416/092452.193:ERROR:process_memory_win.cc(73)] ReadMemory at 0x189ec0d50e0 of 60 bytes failed: Somente uma parte de um pedido ReadProcessMemory ou WriteProcessMemory foi concluída. (0x12B)
[0416/092452.193:ERROR:process_memory_win.cc(73)] ReadMemory at 0x189ec0d5130 of 64 bytes failed: Somente uma parte de um pedido ReadProcessMemory ou WriteProcessMemory foi concluída. (0x12B)
[0416/092452.193:ERROR:process_memory_win.cc(73)] ReadMemory at 0x189ec0d5180 of 60 bytes failed: Somente uma parte de um pedido ReadProcessMemory ou WriteProcessMemory foi concluída. (0x12B)
[0416/092452.193:ERROR:process_memory_win.cc(73)] ReadMemory at 0x189ec0d51d0 of 62 bytes failed: Somente uma parte de um pedido ReadProcessMemory ou WriteProcessMemory foi concluída. (0x12B)
[0416/092452.193:ERROR:process_memory_win.cc(73)] ReadMemory at 0x189ec0d5220 of 62 bytes failed: Somente uma parte de um pedido ReadProcessMemory ou WriteProcessMemory foi concluída. (0x12B)
[0416/092452.193:ERROR:process_memory_win.cc(73)] ReadMemory at 0x189ec0d5400 of 58 bytes failed: Somente uma parte de um pedido ReadProcessMemory ou WriteProcessMemory foi concluída. (0x12B)
[0416/092452.193:ERROR:process_memory_win.cc(73)] ReadMemory at 0x189ec0d54f0 of 64 bytes failed: Somente uma parte de um pedido ReadProcessMemory ou WriteProcessMemory foi concluída. (0x12B)
[0416/092452.193:ERROR:process_memory_win.cc(73)] ReadMemory at 0x189ec0d5630 of 62 bytes failed: Somente uma parte de um pedido ReadProcessMemory ou WriteProcessMemory foi concluída. (0x12B)
[0416/092452.193:ERROR:process_memory_win.cc(73)] ReadMemory at 0x189ec0d6100 of 132 bytes failed: Somente uma parte de um pedido ReadProcessMemory ou WriteProcessMemory foi concluída. (0x12B)
[0416/092452.193:ERROR:process_memory_win.cc(73)] ReadMemory at 0x189ec0d6230 of 132 bytes failed: Somente uma parte de um pedido ReadProcessMemory ou WriteProcessMemory foi concluída. (0x12B)
[0416/092452.193:ERROR:process_memory_win.cc(73)] ReadMemory at 0x189ec0d6360 of 132 bytes failed: Somente uma parte de um pedido ReadProcessMemory ou WriteProcessMemory foi concluída. (0x12B)
[0416/092452.193:ERROR:process_memory_win.cc(73)] ReadMemory at 0x189ec0d65c0 of 132 bytes failed: Somente uma parte de um pedido ReadProcessMemory ou WriteProcessMemory foi concluída. (0x12B)
[0416/092452.193:ERROR:process_memory_win.cc(73)] ReadMemory at 0x189ec0d6950 of 132 bytes failed: Somente uma parte de um pedido ReadProcessMemory ou WriteProcessMemory foi concluída. (0x12B)
[0416/092452.193:ERROR:process_memory_win.cc(73)] ReadMemory at 0x189ec0d6e10 of 132 bytes failed: Somente uma parte de um pedido ReadProcessMemory ou WriteProcessMemory foi concluída. (0x12B)
[0416/092452.193:ERROR:process_memory_win.cc(73)] ReadMemory at 0x189ec0d6f40 of 132 bytes failed: Somente uma parte de um pedido ReadProcessMemory ou WriteProcessMemory foi concluída. (0x12B)
[0416/092452.193:ERROR:process_memory_win.cc(73)] ReadMemory at 0x189ec0d7070 of 132 bytes failed: Somente uma parte de um pedido ReadProcessMemory ou WriteProcessMemory foi concluída. (0x12B)
[0416/092452.193:ERROR:process_memory_win.cc(73)] ReadMemory at 0x189ec0d71a0 of 132 bytes failed: Somente uma parte de um pedido ReadProcessMemory ou WriteProcessMemory foi concluída. (0x12B)
[0416/092452.193:ERROR:process_memory_win.cc(73)] ReadMemory at 0x189ec0d79f0 of 132 bytes failed: Somente uma parte de um pedido ReadProcessMemory ou WriteProcessMemory foi concluída. (0x12B)
[0416/092452.193:ERROR:process_memory_win.cc(73)] ReadMemory at 0x189ec1ef9a0 of 512 bytes failed: Somente uma parte de um pedido ReadProcessMemory ou WriteProcessMemory foi concluída. (0x12B)
[0416/092452.209:ERROR:scoped_process_suspend.cc(40)] NtResumeProcess: Tentou-se acessar um processo de saída. (0xc000010a)
[0420/161227.799:ERROR:process_memory_win.cc(73)] ReadMemory at 0xe8953fb000 of 20480 bytes failed: Somente uma parte de um pedido ReadProcessMemory ou WriteProcessMemory foi concluída. (0x12B)
[0420/161227.799:ERROR:process_memory_win.cc(73)] ReadMemory at 0xe8942e1000 of 852 bytes failed: Somente uma parte de um pedido ReadProcessMemory ou WriteProcessMemory foi concluída. (0x12B)
[0420/161227.799:ERROR:process_memory_win.cc(73)] ReadMemory at 0xe8942e4000 of 6024 bytes failed: Somente uma parte de um pedido ReadProcessMemory ou WriteProcessMemory foi concluída. (0x12B)
[0420/161227.799:ERROR:process_memory_win.cc(73)] ReadMemory at 0x21f4fb50fe0 of 5158 bytes failed: Somente uma parte de um pedido ReadProcessMemory ou WriteProcessMemory foi concluída. (0x12B)
[0420/161227.799:ERROR:process_memory_win.cc(73)] ReadMemory at 0x21f4fb52410 of 1012 bytes failed: Somente uma parte de um pedido ReadProcessMemory ou WriteProcessMemory foi concluída. (0x12B)
[0420/161227.799:ERROR:process_memory_win.cc(73)] ReadMemory at 0x21f4fb52a58 of 118 bytes failed: Somente uma parte de um pedido ReadProcessMemory ou WriteProcessMemory foi concluída. (0x12B)
[0420/161227.799:ERROR:process_memory_win.cc(73)] ReadMemory at 0x21f4fb52ad0 of 316 bytes failed: Somente uma parte de um pedido ReadProcessMemory ou WriteProcessMemory foi concluída. (0x12B)
[0420/161227.799:ERROR:process_memory_win.cc(73)] ReadMemory at 0x21f4fb52c0e of 118 bytes failed: Somente uma parte de um pedido ReadProcessMemory ou WriteProcessMemory foi concluída. (0x12B)
[0420/161227.799:ERROR:process_memory_win.cc(73)] ReadMemory at 0x21f4fb52c86 of 96 bytes failed: Somente uma parte de um pedido ReadProcessMemory ou WriteProcessMemory foi concluída. (0x12B)
[0420/161227.799:ERROR:process_memory_win.cc(73)] ReadMemory at 0x21f4fb52d00 of 58 bytes failed: Somente uma parte de um pedido ReadProcessMemory ou WriteProcessMemory foi concluída. (0x12B)
[0420/161227.799:ERROR:process_memory_win.cc(73)] ReadMemory at 0x21f4fb52e00 of 132 bytes failed: Somente uma parte de um pedido ReadProcessMemory ou WriteProcessMemory foi concluída. (0x12B)
[0420/161227.799:ERROR:process_memory_win.cc(73)] ReadMemory at 0x21f4fb52f90 of 132 bytes failed: Somente uma parte de um pedido ReadProcessMemory ou WriteProcessMemory foi concluída. (0x12B)
[0420/161227.799:ERROR:process_memory_win.cc(73)] ReadMemory at 0x21f4fb53150 of 126 bytes failed: Somente uma parte de um pedido ReadProcessMemory ou WriteProcessMemory foi concluída. (0x12B)
[0420/161227.799:ERROR:process_memory_win.cc(73)] ReadMemory at 0x21f4fb53530 of 132 bytes failed: Somente uma parte de um pedido ReadProcessMemory ou WriteProcessMemory foi concluída. (0x12B)
[0420/161227.799:ERROR:process_memory_win.cc(73)] ReadMemory at 0x21f4fb536c0 of 64 bytes failed: Somente uma parte de um pedido ReadProcessMemory ou WriteProcessMemory foi concluída. (0x12B)
[0420/161227.799:ERROR:process_memory_win.cc(73)] ReadMemory at 0x21f4fb53710 of 132 bytes failed: Somente uma parte de um pedido ReadProcessMemory ou WriteProcessMemory foi concluída. (0x12B)
[0420/161227.799:ERROR:process_memory_win.cc(73)] ReadMemory at 0x21f4fb53880 of 132 bytes failed: Somente uma parte de um pedido ReadProcessMemory ou WriteProcessMemory foi concluída. (0x12B)
[0420/161227.799:ERROR:process_memory_win.cc(73)] ReadMemory at 0x21f4fb53b20 of 132 bytes failed: Somente uma parte de um pedido ReadProcessMemory ou WriteProcessMemory foi concluída. (0x12B)
[0420/161227.799:ERROR:process_memory_win.cc(73)] ReadMemory at 0x21f4fb53cb0 of 68 bytes failed: Somente uma parte de um pedido ReadProcessMemory ou WriteProcessMemory foi concluída. (0x12B)
[0420/161227.799:ERROR:process_memory_win.cc(73)] ReadMemory at 0x21f4fb54ca0 of 132 bytes failed: Somente uma parte de um pedido ReadProcessMemory ou WriteProcessMemory foi concluída. (0x12B)
[0420/161227.799:ERROR:process_memory_win.cc(73)] ReadMemory at 0x21f4fb54e30 of 154 bytes failed: Somente uma parte de um pedido ReadProcessMemory ou WriteProcessMemory foi concluída. (0x12B)
[0420/161227.799:ERROR:process_memory_win.cc(73)] ReadMemory at 0x21f4fb56140 of 132 bytes failed: Somente uma parte de um pedido ReadProcessMemory ou WriteProcessMemory foi concluída. (0x12B)
[0420/161227.799:ERROR:process_memory_win.cc(73)] ReadMemory at 0x21f4fb56b60 of 62 bytes failed: Somente uma parte de um pedido ReadProcessMemory ou WriteProcessMemory foi concluída. (0x12B)
[0420/161227.799:ERROR:process_memory_win.cc(73)] ReadMemory at 0x21f4fb56bb0 of 132 bytes failed: Somente uma parte de um pedido ReadProcessMemory ou WriteProcessMemory foi concluída. (0x12B)
[0420/161227.799:ERROR:process_memory_win.cc(73)] ReadMemory at 0x21f4fb56d50 of 132 bytes failed: Somente uma parte de um pedido ReadProcessMemory ou WriteProcessMemory foi concluída. (0x12B)
[0420/161227.799:ERROR:process_memory_win.cc(73)] ReadMemory at 0x21f4fb56e80 of 60 bytes failed: Somente uma parte de um pedido ReadProcessMemory ou WriteProcessMemory foi concluída. (0x12B)
[0420/161227.799:ERROR:process_memory_win.cc(73)] ReadMemory at 0x21f4fb59390 of 132 bytes failed: Somente uma parte de um pedido ReadProcessMemory ou WriteProcessMemory foi concluída. (0x12B)
[0420/161227.799:ERROR:process_memory_win.cc(73)] ReadMemory at 0x21f4fb59db0 of 132 bytes failed: Somente uma parte de um pedido ReadProcessMemory ou WriteProcessMemory foi concluída. (0x12B)
[0420/161227.799:ERROR:process_memory_win.cc(73)] ReadMemory at 0x21f4fb59fd0 of 132 bytes failed: Somente uma parte de um pedido ReadProcessMemory ou WriteProcessMemory foi concluída. (0x12B)
[0420/161227.799:ERROR:process_memory_win.cc(73)] ReadMemory at 0x21f4fb5a330 of 132 bytes failed: Somente uma parte de um pedido ReadProcessMemory ou WriteProcessMemory foi concluída. (0x12B)
[0420/161227.799:ERROR:process_memory_win.cc(73)] ReadMemory at 0x21f4fb5a540 of 132 bytes failed: Somente uma parte de um pedido ReadProcessMemory ou WriteProcessMemory foi concluída. (0x12B)
[0420/161227.799:ERROR:process_memory_win.cc(73)] ReadMemory at 0x21f4fb5a670 of 132 bytes failed: Somente uma parte de um pedido ReadProcessMemory ou WriteProcessMemory foi concluída. (0x12B)
[0420/161227.799:ERROR:process_memory_win.cc(73)] ReadMemory at 0x21f4fb5ac70 of 80 bytes failed: Somente uma parte de um pedido ReadProcessMemory ou WriteProcessMemory foi concluída. (0x12B)
[0420/161227.799:ERROR:process_memory_win.cc(73)] ReadMemory at 0x21f4fb5b120 of 64 bytes failed: Somente uma parte de um pedido ReadProcessMemory ou WriteProcessMemory foi concluída. (0x12B)
[0420/161227.799:ERROR:process_memory_win.cc(73)] ReadMemory at 0x21f4fb5b170 of 62 bytes failed: Somente uma parte de um pedido ReadProcessMemory ou WriteProcessMemory foi concluída. (0x12B)
[0420/161227.799:ERROR:process_memory_win.cc(73)] ReadMemory at 0x21f4fb5b260 of 60 bytes failed: Somente uma parte de um pedido ReadProcessMemory ou WriteProcessMemory foi concluída. (0x12B)
[0420/161227.799:ERROR:process_memory_win.cc(73)] ReadMemory at 0x21f4fb5b2b0 of 64 bytes failed: Somente uma parte de um pedido ReadProcessMemory ou WriteProcessMemory foi concluída. (0x12B)
[0420/161227.799:ERROR:process_memory_win.cc(73)] ReadMemory at 0x21f4fb5b350 of 62 bytes failed: Somente uma parte de um pedido ReadProcessMemory ou WriteProcessMemory foi concluída. (0x12B)
[0420/161227.799:ERROR:process_memory_win.cc(73)] ReadMemory at 0x21f4fb5b4e0 of 60 bytes failed: Somente uma parte de um pedido ReadProcessMemory ou WriteProcessMemory foi concluída. (0x12B)
[0420/161227.799:ERROR:process_memory_win.cc(73)] ReadMemory at 0x21f4fb5b7b0 of 64 bytes failed: Somente uma parte de um pedido ReadProcessMemory ou WriteProcessMemory foi concluída. (0x12B)
[0420/161227.799:ERROR:process_memory_win.cc(73)] ReadMemory at 0x21f4fb5b800 of 64 bytes failed: Somente uma parte de um pedido ReadProcessMemory ou WriteProcessMemory foi concluída. (0x12B)
[0420/161227.799:ERROR:process_memory_win.cc(73)] ReadMemory at 0x21f4fb5b850 of 66 bytes failed: Somente uma parte de um pedido ReadProcessMemory ou WriteProcessMemory foi concluída. (0x12B)
[0420/161227.799:ERROR:process_memory_win.cc(73)] ReadMemory at 0x21f4fb5ba60 of 132 bytes failed: Somente uma parte de um pedido ReadProcessMemory ou WriteProcessMemory foi concluída. (0x12B)
[0420/161227.799:ERROR:process_memory_win.cc(73)] ReadMemory at 0x21f4fb5bb90 of 132 bytes failed: Somente uma parte de um pedido ReadProcessMemory ou WriteProcessMemory foi concluída. (0x12B)
[0420/161227.799:ERROR:process_memory_win.cc(73)] ReadMemory at 0x21f4fb5bcc0 of 132 bytes failed: Somente uma parte de um pedido ReadProcessMemory ou WriteProcessMemory foi concluída. (0x12B)
[0420/161227.814:ERROR:process_memory_win.cc(73)] ReadMemory at 0x21f4fb5bdf0 of 132 bytes failed: Somente uma parte de um pedido ReadProcessMemory ou WriteProcessMemory foi concluída. (0x12B)
[0420/161227.814:ERROR:process_memory_win.cc(73)] ReadMemory at 0x21f4fb5bf20 of 132 bytes failed: Somente uma parte de um pedido ReadProcessMemory ou WriteProcessMemory foi concluída. (0x12B)
[0420/161227.814:ERROR:process_memory_win.cc(73)] ReadMemory at 0x21f4fb5c050 of 132 bytes failed: Somente uma parte de um pedido ReadProcessMemory ou WriteProcessMemory foi concluída. (0x12B)
[0420/161227.814:ERROR:process_memory_win.cc(73)] ReadMemory at 0x21f4fb5c180 of 132 bytes failed: Somente uma parte de um pedido ReadProcessMemory ou WriteProcessMemory foi concluída. (0x12B)
[0420/161227.814:ERROR:process_memory_win.cc(73)] ReadMemory at 0x21f4fb5c2b0 of 132 bytes failed: Somente uma parte de um pedido ReadProcessMemory ou WriteProcessMemory foi concluída. (0x12B)
[0420/161227.814:ERROR:process_memory_win.cc(73)] ReadMemory at 0x21f4fb5c3e0 of 132 bytes failed: Somente uma parte de um pedido ReadProcessMemory ou WriteProcessMemory foi concluída. (0x12B)
[0420/161227.814:ERROR:process_memory_win.cc(73)] ReadMemory at 0x21f4fb5c510 of 132 bytes failed: Somente uma parte de um pedido ReadProcessMemory ou WriteProcessMemory foi concluída. (0x12B)
[0420/161227.814:ERROR:process_memory_win.cc(73)] ReadMemory at 0x21f4fb5c640 of 132 bytes failed: Somente uma parte de um pedido ReadProcessMemory ou WriteProcessMemory foi concluída. (0x12B)
[0420/161227.814:ERROR:process_memory_win.cc(73)] ReadMemory at 0x21f4fb5c770 of 132 bytes failed: Somente uma parte de um pedido ReadProcessMemory ou WriteProcessMemory foi concluída. (0x12B)
[0420/161227.814:ERROR:process_memory_win.cc(73)] ReadMemory at 0x21f4fb5c940 of 76 bytes failed: Somente uma parte de um pedido ReadProcessMemory ou WriteProcessMemory foi concluída. (0x12B)
[0420/161227.814:ERROR:process_memory_win.cc(73)] ReadMemory at 0x21f4fb5d4e0 of 80 bytes failed: Somente uma parte de um pedido ReadProcessMemory ou WriteProcessMemory foi concluída. (0x12B)
[0420/161227.814:ERROR:process_memory_win.cc(73)] ReadMemory at 0x21f4fb5e440 of 54 bytes failed: Somente uma parte de um pedido ReadProcessMemory ou WriteProcessMemory foi concluída. (0x12B)
[0420/161227.814:ERROR:process_memory_win.cc(73)] ReadMemory at 0x21f4fb5f4d0 of 146 bytes failed: Somente uma parte de um pedido ReadProcessMemory ou WriteProcessMemory foi concluída. (0x12B)
[0420/161227.814:ERROR:process_memory_win.cc(73)] ReadMemory at 0x21f4fb61d40 of 132 bytes failed: Somente uma parte de um pedido ReadProcessMemory ou WriteProcessMemory foi concluída. (0x12B)
[0420/161227.814:ERROR:process_memory_win.cc(73)] ReadMemory at 0x21f4fb646e0 of 64 bytes failed: Somente uma parte de um pedido ReadProcessMemory ou WriteProcessMemory foi concluída. (0x12B)
[0420/161227.814:ERROR:process_memory_win.cc(73)] ReadMemory at 0x21f4fb64780 of 60 bytes failed: Somente uma parte de um pedido ReadProcessMemory ou WriteProcessMemory foi concluída. (0x12B)
[0420/161227.814:ERROR:process_memory_win.cc(73)] ReadMemory at 0x21f4fb64910 of 62 bytes failed: Somente uma parte de um pedido ReadProcessMemory ou WriteProcessMemory foi concluída. (0x12B)
[0420/161227.814:ERROR:process_memory_win.cc(73)] ReadMemory at 0x21f4fb64960 of 62 bytes failed: Somente uma parte de um pedido ReadProcessMemory ou WriteProcessMemory foi concluída. (0x12B)
[0420/161227.814:ERROR:process_memory_win.cc(73)] ReadMemory at 0x21f4fb64a00 of 66 bytes failed: Somente uma parte de um pedido ReadProcessMemory ou WriteProcessMemory foi concluída. (0x12B)
[0420/161227.814:ERROR:process_memory_win.cc(73)] ReadMemory at 0x21f4fb64aa0 of 62 bytes failed: Somente uma parte de um pedido ReadProcessMemory ou WriteProcessMemory foi concluída. (0x12B)
[0420/161227.814:ERROR:process_memory_win.cc(73)] ReadMemory at 0x21f4fb64b40 of 64 bytes failed: Somente uma parte de um pedido ReadProcessMemory ou WriteProcessMemory foi concluída. (0x12B)
[0420/161227.814:ERROR:process_memory_win.cc(73)] ReadMemory at 0x21f4fb64be0 of 62 bytes failed: Somente uma parte de um pedido ReadProcessMemory ou WriteProcessMemory foi concluída. (0x12B)
[0420/161227.814:ERROR:process_memory_win.cc(73)] ReadMemory at 0x21f4fb64c30 of 60 bytes failed: Somente uma parte de um pedido ReadProcessMemory ou WriteProcessMemory foi concluída. (0x12B)
[0420/161227.814:ERROR:process_memory_win.cc(73)] ReadMemory at 0x21f4fb64eb0 of 64 bytes failed: Somente uma parte de um pedido ReadProcessMemory ou WriteProcessMemory foi concluída. (0x12B)
[0420/161227.814:ERROR:process_memory_win.cc(73)] ReadMemory at 0x21f4fb64f00 of 64 bytes failed: Somente uma parte de um pedido ReadProcessMemory ou WriteProcessMemory foi concluída. (0x12B)
[0420/161227.814:ERROR:process_memory_win.cc(73)] ReadMemory at 0x21f4fb64fa0 of 60 bytes failed: Somente uma parte de um pedido ReadProcessMemory ou WriteProcessMemory foi concluída. (0x12B)
[0420/161227.814:ERROR:process_memory_win.cc(73)] ReadMemory at 0x21f4fb650e0 of 62 bytes failed: Somente uma parte de um pedido ReadProcessMemory ou WriteProcessMemory foi concluída. (0x12B)
[0420/161227.814:ERROR:process_memory_win.cc(73)] ReadMemory at 0x21f4fb65130 of 62 bytes failed: Somente uma parte de um pedido ReadProcessMemory ou WriteProcessMemory foi concluída. (0x12B)
[0420/161227.814:ERROR:process_memory_win.cc(73)] ReadMemory at 0x21f4fb65180 of 58 bytes failed: Somente uma parte de um pedido ReadProcessMemory ou WriteProcessMemory foi concluída. (0x12B)
[0420/161227.814:ERROR:process_memory_win.cc(73)] ReadMemory at 0x21f4fb653b0 of 60 bytes failed: Somente uma parte de um pedido ReadProcessMemory ou WriteProcessMemory foi concluída. (0x12B)
[0420/161227.814:ERROR:process_memory_win.cc(73)] ReadMemory at 0x21f4fb65450 of 62 bytes failed: Somente uma parte de um pedido ReadProcessMemory ou WriteProcessMemory foi concluída. (0x12B)
[0420/161227.814:ERROR:process_memory_win.cc(73)] ReadMemory at 0x21f4fb655e0 of 62 bytes failed: Somente uma parte de um pedido ReadProcessMemory ou WriteProcessMemory foi concluída. (0x12B)
[0420/161227.814:ERROR:process_memory_win.cc(73)] ReadMemory at 0x21f4fb65ea0 of 132 bytes failed: Somente uma parte de um pedido ReadProcessMemory ou WriteProcessMemory foi concluída. (0x12B)
[0420/161227.814:ERROR:process_memory_win.cc(73)] ReadMemory at 0x21f4fb66360 of 132 bytes failed: Somente uma parte de um pedido ReadProcessMemory ou WriteProcessMemory foi concluída. (0x12B)
[0420/161227.814:ERROR:process_memory_win.cc(73)] ReadMemory at 0x21f4fb66a80 of 132 bytes failed: Somente uma parte de um pedido ReadProcessMemory ou WriteProcessMemory foi concluída. (0x12B)
[0420/161227.814:ERROR:process_memory_win.cc(73)] ReadMemory at 0x21f4fb66bb0 of 132 bytes failed: Somente uma parte de um pedido ReadProcessMemory ou WriteProcessMemory foi concluída. (0x12B)
[0420/161227.814:ERROR:process_memory_win.cc(73)] ReadMemory at 0x21f4fb66ce0 of 132 bytes failed: Somente uma parte de um pedido ReadProcessMemory ou WriteProcessMemory foi concluída. (0x12B)
[0420/161227.814:ERROR:process_memory_win.cc(73)] ReadMemory at 0x21f4fb671a0 of 132 bytes failed: Somente uma parte de um pedido ReadProcessMemory ou WriteProcessMemory foi concluída. (0x12B)
[0420/161227.814:ERROR:process_memory_win.cc(73)] ReadMemory at 0x21f4fb672d0 of 132 bytes failed: Somente uma parte de um pedido ReadProcessMemory ou WriteProcessMemory foi concluída. (0x12B)
[0420/161227.814:ERROR:process_memory_win.cc(73)] ReadMemory at 0x21f4fb67400 of 132 bytes failed: Somente uma parte de um pedido ReadProcessMemory ou WriteProcessMemory foi concluída. (0x12B)
[0420/161227.814:ERROR:process_memory_win.cc(73)] ReadMemory at 0x21f4fb67530 of 132 bytes failed: Somente uma parte de um pedido ReadProcessMemory ou WriteProcessMemory foi concluída. (0x12B)
[0420/161227.814:ERROR:process_memory_win.cc(73)] ReadMemory at 0x21f4fb67c50 of 132 bytes failed: Somente uma parte de um pedido ReadProcessMemory ou WriteProcessMemory foi concluída. (0x12B)
[0420/161227.814:ERROR:process_memory_win.cc(73)] ReadMemory at 0x21f4fdcd9a0 of 512 bytes failed: Somente uma parte de um pedido ReadProcessMemory ou WriteProcessMemory foi concluída. (0x12B)
[0420/161227.830:ERROR:scoped_process_suspend.cc(40)] NtResumeProcess: Tentou-se acessar um processo de saída. (0xc000010a)
[0503/113542.568:ERROR:process_info.cc(329)] VirtualQueryEx: Acesso negado. (0x5)
[0503/113542.582:ERROR:process_info.cc(556)] ReadMemoryInfo failed
[0503/113542.582:ERROR:process_memory_win.cc(39)] Failed to initialize ProcessInfo.
[0503/113542.584:ERROR:scoped_process_suspend.cc(40)] NtResumeProcess: Tentou-se acessar um processo de saída. (0xc000010a)
